####### <BEGIN> ggH_HToJPsiG_NLO


### Source Files:
root://cms-xrd-global.cern.ch//store/mc/RunIISummer16MiniAODv2/ggH_HToJPsiG_M125_NNPDF30_TuneCUETP8M1_13TeV-powheg-pythia8/MINIAODSIM/PUMoriond17_80X_mcRun2_asymptotic_2016_TrancheIV_v6-v1/50000/4E3977AE-7642-E811-A84F-0025909082B6.root
root://cms-xrd-global.cern.ch//store/mc/RunIISummer16MiniAODv2/ggH_HToJPsiG_M125_NNPDF30_TuneCUETP8M1_13TeV-powheg-pythia8/MINIAODSIM/PUMoriond17_80X_mcRun2_asymptotic_2016_TrancheIV_v6-v1/50000/285BF6EB-9745-E811-8511-B083FED42487.root
root://cms-xrd-global.cern.ch//store/mc/RunIISummer16MiniAODv2/ggH_HToJPsiG_M125_NNPDF30_TuneCUETP8M1_13TeV-powheg-pythia8/MINIAODSIM/PUMoriond17_80X_mcRun2_asymptotic_2016_TrancheIV_v6-v1/50000/D84519AA-9445-E811-BBAD-E0071B7A7870.root
root://cms-xrd-global.cern.ch//store/mc/RunIISummer16MiniAODv2/ggH_HToJPsiG_M125_NNPDF30_TuneCUETP8M1_13TeV-powheg-pythia8/MINIAODSIM/PUMoriond17_80X_mcRun2_asymptotic_2016_TrancheIV_v6-v1/50000/10D818AD-4946-E811-9883-6C3BE5B59210.root
root://cms-xrd-global.cern.ch//store/mc/RunIISummer16MiniAODv2/ggH_HToJPsiG_M125_NNPDF30_TuneCUETP8M1_13TeV-powheg-pythia8/MINIAODSIM/PUMoriond17_80X_mcRun2_asymptotic_2016_TrancheIV_v6-v1/50000/DC98C05F-1147-E811-BF7D-14187727FB98.root
root://cms-xrd-global.cern.ch//store/mc/RunIISummer16MiniAODv2/ggH_HToJPsiG_M125_NNPDF30_TuneCUETP8M1_13TeV-powheg-pythia8/MINIAODSIM/PUMoriond17_80X_mcRun2_asymptotic_2016_TrancheIV_v6-v1/50000/FE61FA12-A346-E811-82DC-0242AC1C0500.root
root://cms-xrd-global.cern.ch//store/mc/RunIISummer16MiniAODv2/ggH_HToJPsiG_M125_NNPDF30_TuneCUETP8M1_13TeV-powheg-pythia8/MINIAODSIM/PUMoriond17_80X_mcRun2_asymptotic_2016_TrancheIV_v6-v1/50000/7EE4BB82-9845-E811-BE46-FA163E5B0035.root
root://cms-xrd-global.cern.ch//store/mc/RunIISummer16MiniAODv2/ggH_HToJPsiG_M125_NNPDF30_TuneCUETP8M1_13TeV-powheg-pythia8/MINIAODSIM/PUMoriond17_80X_mcRun2_asymptotic_2016_TrancheIV_v6-v1/50000/00F63688-9D45-E811-90ED-0CC47A0AD6E0.root
root://cms-xrd-global.cern.ch//store/mc/RunIISummer16MiniAODv2/ggH_HToJPsiG_M125_NNPDF30_TuneCUETP8M1_13TeV-powheg-pythia8/MINIAODSIM/PUMoriond17_80X_mcRun2_asymptotic_2016_TrancheIV_v6-v1/50000/323BDFCC-9D45-E811-9D7A-7CD30AD09FDC.root
root://cms-xrd-global.cern.ch//store/mc/RunIISummer16MiniAODv2/ggH_HToJPsiG_M125_NNPDF30_TuneCUETP8M1_13TeV-powheg-pythia8/MINIAODSIM/PUMoriond17_80X_mcRun2_asymptotic_2016_TrancheIV_v6-v1/50000/025EA96F-9D45-E811-A5F5-0CC47A7E68AA.root
root://cms-xrd-global.cern.ch//store/mc/RunIISummer16MiniAODv2/ggH_HToJPsiG_M125_NNPDF30_TuneCUETP8M1_13TeV-powheg-pythia8/MINIAODSIM/PUMoriond17_80X_mcRun2_asymptotic_2016_TrancheIV_v6-v1/50000/26036541-9745-E811-B0C9-008CFAC91B1C.root
root://cms-xrd-global.cern.ch//store/mc/RunIISummer16MiniAODv2/ggH_HToJPsiG_M125_NNPDF30_TuneCUETP8M1_13TeV-powheg-pythia8/MINIAODSIM/PUMoriond17_80X_mcRun2_asymptotic_2016_TrancheIV_v6-v1/50000/48AE55E5-9945-E811-831C-7845C4FC35D2.root
root://cms-xrd-global.cern.ch//store/mc/RunIISummer16MiniAODv2/ggH_HToJPsiG_M125_NNPDF30_TuneCUETP8M1_13TeV-powheg-pythia8/MINIAODSIM/PUMoriond17_80X_mcRun2_asymptotic_2016_TrancheIV_v6-v1/50000/082E4B44-9745-E811-81E3-0CC47AD98F68.root
root://cms-xrd-global.cern.ch//store/mc/RunIISummer16MiniAODv2/ggH_HToJPsiG_M125_NNPDF30_TuneCUETP8M1_13TeV-powheg-pythia8/MINIAODSIM/PUMoriond17_80X_mcRun2_asymptotic_2016_TrancheIV_v6-v1/50000/F45978E9-9D45-E811-8CC1-002590907772.root
root://cms-xrd-global.cern.ch//store/mc/RunIISummer16MiniAODv2/ggH_HToJPsiG_M125_NNPDF30_TuneCUETP8M1_13TeV-powheg-pythia8/MINIAODSIM/PUMoriond17_80X_mcRun2_asymptotic_2016_TrancheIV_v6-v1/00000/7652331C-3749-E811-94D8-0025904A8592.root
root://cms-xrd-global.cern.ch//store/mc/RunIISummer16MiniAODv2/ggH_HToJPsiG_M125_NNPDF30_TuneCUETP8M1_13TeV-powheg-pythia8/MINIAODSIM/PUMoriond17_80X_mcRun2_asymptotic_2016_TrancheIV_v6-v1/00000/7A491547-0C49-E811-AC50-008CFA1112A0.root
root://cms-xrd-global.cern.ch//store/mc/RunIISummer16MiniAODv2/ggH_HToJPsiG_M125_NNPDF30_TuneCUETP8M1_13TeV-powheg-pythia8/MINIAODSIM/PUMoriond17_80X_mcRun2_asymptotic_2016_TrancheIV_v6-v1/50000/D640E874-9845-E811-8F9D-7CD30ABD2EE8.root
root://cms-xrd-global.cern.ch//store/mc/RunIISummer16MiniAODv2/ggH_HToJPsiG_M125_NNPDF30_TuneCUETP8M1_13TeV-powheg-pythia8/MINIAODSIM/PUMoriond17_80X_mcRun2_asymptotic_2016_TrancheIV_v6-v1/50000/C8EC9BFD-FC47-E811-8723-008CFA064778.root
root://cms-xrd-global.cern.ch//store/mc/RunIISummer16MiniAODv2/ggH_HToJPsiG_M125_NNPDF30_TuneCUETP8M1_13TeV-powheg-pythia8/MINIAODSIM/PUMoriond17_80X_mcRun2_asymptotic_2016_TrancheIV_v6-v1/50000/981D92AC-CC45-E811-A730-001E67E6F765.root
root://cms-xrd-global.cern.ch//store/mc/RunIISummer16MiniAODv2/ggH_HToJPsiG_M125_NNPDF30_TuneCUETP8M1_13TeV-powheg-pythia8/MINIAODSIM/PUMoriond17_80X_mcRun2_asymptotic_2016_TrancheIV_v6-v1/50000/86E10E03-D445-E811-863F-001E675817A4.root

--> ggH_HToJPsiG_NLO: Event 0: run      1, lumi    9, event         1612
--> ggH_HToJPsiG_NLO: The Boson!
--> ggH_HToJPsiG_NLO: Boson -  pt 30.7957382202, eta: 0.175179824233, eta: 1.0

--> ggH_HToJPsiG_NLO: Event 1: run      1, lumi    9, event         1602
--> ggH_HToJPsiG_NLO: The Boson!
--> ggH_HToJPsiG_NLO: Boson -  pt 8.63708591461, eta: 1.80564641953, eta: 1.0

--> ggH_HToJPsiG_NLO: Event 2: run      1, lumi    9, event         1605
--> ggH_HToJPsiG_NLO: The Boson!
--> ggH_HToJPsiG_NLO: Boson -  pt 48.260509491, eta: 0.396546363831, eta: 1.0

--> ggH_HToJPsiG_NLO: Event 3: run      1, lumi    9, event         1604
--> ggH_HToJPsiG_NLO: The Boson!
--> ggH_HToJPsiG_NLO: Boson -  pt 27.1412162781, eta: 2.35275650024, eta: 1.0

--> ggH_HToJPsiG_NLO: Event 4: run      1, lumi    9, event         1607
--> ggH_HToJPsiG_NLO: The Boson!
--> ggH_HToJPsiG_NLO: Boson -  pt 25.284822464, eta: 3.16604828835, eta: 1.0

--> ggH_HToJPsiG_NLO: Event 5: run      1, lumi    9, event         1610
--> ggH_HToJPsiG_NLO: The Boson!
--> ggH_HToJPsiG_NLO: Boson -  pt 55.2094078064, eta: -3.15153503418, eta: 1.0

--> ggH_HToJPsiG_NLO: Event 6: run      1, lumi    9, event         1601
--> ggH_HToJPsiG_NLO: The Boson!
--> ggH_HToJPsiG_NLO: Boson -  pt 6.50265026093, eta: 4.00406599045, eta: 1.0

--> ggH_HToJPsiG_NLO: Event 7: run      1, lumi    9, event         1606
--> ggH_HToJPsiG_NLO: The Boson!
--> ggH_HToJPsiG_NLO: Boson -  pt 65.2322921753, eta: -1.3668845892, eta: 1.0

--> ggH_HToJPsiG_NLO: Event 8: run      1, lumi    9, event         1603
--> ggH_HToJPsiG_NLO: The Boson!
--> ggH_HToJPsiG_NLO: Boson -  pt 12.8643016815, eta: 4.10122251511, eta: 1.0

--> ggH_HToJPsiG_NLO: Event 9: run      1, lumi    9, event         1617
--> ggH_HToJPsiG_NLO: The Boson!
--> ggH_HToJPsiG_NLO: Boson -  pt 32.3416481018, eta: 1.2149657011, eta: 1.0
******************************************************************************
*Tree    :bosonTree : bosonTree                                              *
*Entries :       10 : Total =            2376 bytes  File  Size =          0 *
*        :          : Tree compression factor =   1.00                       *
******************************************************************************
*Br    0 :bosonEta  : bosonEta/F                                             *
*Entries :       10 : Total  Size=        702 bytes  One basket in memory    *
*Baskets :        0 : Basket Size=      32000 bytes  Compression=   1.00     *
*............................................................................*
*Br    1 :bosonPt   : bosonPt/F                                              *
*Entries :       10 : Total  Size=        696 bytes  One basket in memory    *
*Baskets :        0 : Basket Size=      32000 bytes  Compression=   1.00     *
*............................................................................*
*Br    2 :weight    : weight/F                                               *
*Entries :       10 : Total  Size=        690 bytes  One basket in memory    *
*Baskets :        0 : Basket Size=      32000 bytes  Compression=   1.00     *
*............................................................................*
####### <END> ggH_HToJPsiG_NLO




