####### <BEGIN> HToUpsilon1SG_LO


### Source Files:
root://cms-xrd-global.cern.ch//store/mc/RunIISummer16MiniAODv2/HToUpsilon1SG_ToMuMuG_allProdMode_M125_TuneCUETP8M1_13TeV_Pythia8/MINIAODSIM/PUMoriond17_80X_mcRun2_asymptotic_2016_TrancheIV_v6-v3/50000/DC60B5A7-F69E-E711-B543-FA163E17160C.root
root://cms-xrd-global.cern.ch//store/mc/RunIISummer16MiniAODv2/HToUpsilon1SG_ToMuMuG_allProdMode_M125_TuneCUETP8M1_13TeV_Pythia8/MINIAODSIM/PUMoriond17_80X_mcRun2_asymptotic_2016_TrancheIV_v6-v3/50000/2EA5D2AA-FE9E-E711-8C5E-FA163E88E308.root
root://cms-xrd-global.cern.ch//store/mc/RunIISummer16MiniAODv2/HToUpsilon1SG_ToMuMuG_allProdMode_M125_TuneCUETP8M1_13TeV_Pythia8/MINIAODSIM/PUMoriond17_80X_mcRun2_asymptotic_2016_TrancheIV_v6-v3/50000/DA0B35D7-FC9F-E711-AA42-FA163E1EECEE.root
root://cms-xrd-global.cern.ch//store/mc/RunIISummer16MiniAODv2/HToUpsilon1SG_ToMuMuG_allProdMode_M125_TuneCUETP8M1_13TeV_Pythia8/MINIAODSIM/PUMoriond17_80X_mcRun2_asymptotic_2016_TrancheIV_v6-v3/50000/B208BCC0-6BA0-E711-AD71-FA163E7D6BC1.root
root://cms-xrd-global.cern.ch//store/mc/RunIISummer16MiniAODv2/HToUpsilon1SG_ToMuMuG_allProdMode_M125_TuneCUETP8M1_13TeV_Pythia8/MINIAODSIM/PUMoriond17_80X_mcRun2_asymptotic_2016_TrancheIV_v6-v3/50000/B41FB287-E79E-E711-B12B-001EC9ADC339.root
root://cms-xrd-global.cern.ch//store/mc/RunIISummer16MiniAODv2/HToUpsilon1SG_ToMuMuG_allProdMode_M125_TuneCUETP8M1_13TeV_Pythia8/MINIAODSIM/PUMoriond17_80X_mcRun2_asymptotic_2016_TrancheIV_v6-v3/50000/145CEB9A-0D9F-E711-A730-02163E01A626.root
root://cms-xrd-global.cern.ch//store/mc/RunIISummer16MiniAODv2/HToUpsilon1SG_ToMuMuG_allProdMode_M125_TuneCUETP8M1_13TeV_Pythia8/MINIAODSIM/PUMoriond17_80X_mcRun2_asymptotic_2016_TrancheIV_v6-v3/50000/98991DF9-799F-E711-85C3-848F69FD2838.root
root://cms-xrd-global.cern.ch//store/mc/RunIISummer16MiniAODv2/HToUpsilon1SG_ToMuMuG_allProdMode_M125_TuneCUETP8M1_13TeV_Pythia8/MINIAODSIM/PUMoriond17_80X_mcRun2_asymptotic_2016_TrancheIV_v6-v3/50000/44E81B28-38A0-E711-B154-A0369FC5D5D8.root
root://cms-xrd-global.cern.ch//store/mc/RunIISummer16MiniAODv2/HToUpsilon1SG_ToMuMuG_allProdMode_M125_TuneCUETP8M1_13TeV_Pythia8/MINIAODSIM/PUMoriond17_80X_mcRun2_asymptotic_2016_TrancheIV_v6-v3/50000/D05D4B38-C09F-E711-91DC-484D7E8DF05E.root
root://cms-xrd-global.cern.ch//store/mc/RunIISummer16MiniAODv2/HToUpsilon1SG_ToMuMuG_allProdMode_M125_TuneCUETP8M1_13TeV_Pythia8/MINIAODSIM/PUMoriond17_80X_mcRun2_asymptotic_2016_TrancheIV_v6-v3/50000/18ED7ACC-619F-E711-926E-1CB72C1B64E2.root
root://cms-xrd-global.cern.ch//store/mc/RunIISummer16MiniAODv2/HToUpsilon1SG_ToMuMuG_allProdMode_M125_TuneCUETP8M1_13TeV_Pythia8/MINIAODSIM/PUMoriond17_80X_mcRun2_asymptotic_2016_TrancheIV_v6-v3/50000/4C22A076-FFA0-E711-B25E-009C02AAB258.root
root://cms-xrd-global.cern.ch//store/mc/RunIISummer16MiniAODv2/HToUpsilon1SG_ToMuMuG_allProdMode_M125_TuneCUETP8M1_13TeV_Pythia8/MINIAODSIM/PUMoriond17_80X_mcRun2_asymptotic_2016_TrancheIV_v6-v3/50000/A2FE195A-CFA0-E711-BF6E-FA163EAF1C6A.root
root://cms-xrd-global.cern.ch//store/mc/RunIISummer16MiniAODv2/HToUpsilon1SG_ToMuMuG_allProdMode_M125_TuneCUETP8M1_13TeV_Pythia8/MINIAODSIM/PUMoriond17_80X_mcRun2_asymptotic_2016_TrancheIV_v6-v3/50000/E61F25CF-25A1-E711-8BE3-FA163EDB5659.root
root://cms-xrd-global.cern.ch//store/mc/RunIISummer16MiniAODv2/HToUpsilon1SG_ToMuMuG_allProdMode_M125_TuneCUETP8M1_13TeV_Pythia8/MINIAODSIM/PUMoriond17_80X_mcRun2_asymptotic_2016_TrancheIV_v6-v3/50000/FCE9B7D9-E09F-E711-AF0E-00259048AC98.root
root://cms-xrd-global.cern.ch//store/mc/RunIISummer16MiniAODv2/HToUpsilon1SG_ToMuMuG_allProdMode_M125_TuneCUETP8M1_13TeV_Pythia8/MINIAODSIM/PUMoriond17_80X_mcRun2_asymptotic_2016_TrancheIV_v6-v3/50000/F46279F3-15A1-E711-8EB1-0242AC130002.root
root://cms-xrd-global.cern.ch//store/mc/RunIISummer16MiniAODv2/HToUpsilon1SG_ToMuMuG_allProdMode_M125_TuneCUETP8M1_13TeV_Pythia8/MINIAODSIM/PUMoriond17_80X_mcRun2_asymptotic_2016_TrancheIV_v6-v3/50000/8C08DD2C-27A1-E711-BB61-0242AC130002.root
root://cms-xrd-global.cern.ch//store/mc/RunIISummer16MiniAODv2/HToUpsilon1SG_ToMuMuG_allProdMode_M125_TuneCUETP8M1_13TeV_Pythia8/MINIAODSIM/PUMoriond17_80X_mcRun2_asymptotic_2016_TrancheIV_v6-v3/50000/A0D31B6E-FFA0-E711-A1A5-E0071B745DC0.root
root://cms-xrd-global.cern.ch//store/mc/RunIISummer16MiniAODv2/HToUpsilon1SG_ToMuMuG_allProdMode_M125_TuneCUETP8M1_13TeV_Pythia8/MINIAODSIM/PUMoriond17_80X_mcRun2_asymptotic_2016_TrancheIV_v6-v3/50000/A4D23BF8-48A0-E711-BC28-20CF3027A62B.root
root://cms-xrd-global.cern.ch//store/mc/RunIISummer16MiniAODv2/HToUpsilon1SG_ToMuMuG_allProdMode_M125_TuneCUETP8M1_13TeV_Pythia8/MINIAODSIM/PUMoriond17_80X_mcRun2_asymptotic_2016_TrancheIV_v6-v3/50000/421713B8-1EA1-E711-A5E4-008CFAE451B0.root

--> HToUpsilon1SG_LO: Event 0: run      1, lumi   46, event         7715
--> HToUpsilon1SG_LO: The Boson!
--> HToUpsilon1SG_LO: Boson -  pt 29.7957363129, eta: -1.83142733574, eta: 1.0

--> HToUpsilon1SG_LO: Event 1: run      1, lumi   46, event         7713
--> HToUpsilon1SG_LO: The Boson!
--> HToUpsilon1SG_LO: Boson -  pt 38.5723075867, eta: -4.05279064178, eta: 1.0

--> HToUpsilon1SG_LO: Event 2: run      1, lumi   46, event         7711
--> HToUpsilon1SG_LO: The Boson!
--> HToUpsilon1SG_LO: Boson -  pt 251.893875122, eta: 3.10378360748, eta: 1.0

--> HToUpsilon1SG_LO: Event 3: run      1, lumi   46, event         7714
--> HToUpsilon1SG_LO: The Boson!
--> HToUpsilon1SG_LO: Boson -  pt 350.010894775, eta: -0.50540715456, eta: 1.0

--> HToUpsilon1SG_LO: Event 4: run      1, lumi   46, event         7712
--> HToUpsilon1SG_LO: The Boson!
--> HToUpsilon1SG_LO: Boson -  pt 51.372505188, eta: -1.41140544415, eta: 1.0

--> HToUpsilon1SG_LO: Event 5: run      1, lumi   46, event         7719
--> HToUpsilon1SG_LO: The Boson!
--> HToUpsilon1SG_LO: Boson -  pt 40.8942298889, eta: -3.69514584541, eta: 1.0

--> HToUpsilon1SG_LO: Event 6: run      1, lumi   46, event         7718
--> HToUpsilon1SG_LO: The Boson!
--> HToUpsilon1SG_LO: Boson -  pt 76.5682830811, eta: -2.69513130188, eta: 1.0

--> HToUpsilon1SG_LO: Event 7: run      1, lumi   46, event         7717
--> HToUpsilon1SG_LO: The Boson!
--> HToUpsilon1SG_LO: Boson -  pt 12.0804834366, eta: 1.75124311447, eta: 1.0

--> HToUpsilon1SG_LO: Event 8: run      1, lumi   46, event         7721
--> HToUpsilon1SG_LO: The Boson!
--> HToUpsilon1SG_LO: Boson -  pt 6.41234588623, eta: 3.86665034294, eta: 1.0

--> HToUpsilon1SG_LO: Event 9: run      1, lumi   46, event         7722
--> HToUpsilon1SG_LO: The Boson!
--> HToUpsilon1SG_LO: Boson -  pt 61.8351135254, eta: -2.72190856934, eta: 1.0
******************************************************************************
*Tree    :bosonTree : bosonTree                                              *
*Entries :       10 : Total =            2376 bytes  File  Size =          0 *
*        :          : Tree compression factor =   1.00                       *
******************************************************************************
*Br    0 :bosonEta  : bosonEta/F                                             *
*Entries :       10 : Total  Size=        702 bytes  One basket in memory    *
*Baskets :        0 : Basket Size=      32000 bytes  Compression=   1.00     *
*............................................................................*
*Br    1 :bosonPt   : bosonPt/F                                              *
*Entries :       10 : Total  Size=        696 bytes  One basket in memory    *
*Baskets :        0 : Basket Size=      32000 bytes  Compression=   1.00     *
*............................................................................*
*Br    2 :weight    : weight/F                                               *
*Entries :       10 : Total  Size=        690 bytes  One basket in memory    *
*Baskets :        0 : Basket Size=      32000 bytes  Compression=   1.00     *
*............................................................................*
####### <END> HToUpsilon1SG_LO




