####### <BEGIN> VBFH_HToJPsiG_NLO


### Source Files:
root://cms-xrd-global.cern.ch//store/mc/RunIISummer16MiniAODv2/VBFH_HToJPsiG_M125_NNPDF30_TuneCUETP8M1_13TeV-powheg-pythia8/MINIAODSIM/PUMoriond17_80X_mcRun2_asymptotic_2016_TrancheIV_v6-v1/40000/8E7D2D54-E142-E811-B5FE-00266CF01A4C.root
root://cms-xrd-global.cern.ch//store/mc/RunIISummer16MiniAODv2/VBFH_HToJPsiG_M125_NNPDF30_TuneCUETP8M1_13TeV-powheg-pythia8/MINIAODSIM/PUMoriond17_80X_mcRun2_asymptotic_2016_TrancheIV_v6-v1/40000/2011506F-CE42-E811-B79E-1866DA7F9846.root
root://cms-xrd-global.cern.ch//store/mc/RunIISummer16MiniAODv2/VBFH_HToJPsiG_M125_NNPDF30_TuneCUETP8M1_13TeV-powheg-pythia8/MINIAODSIM/PUMoriond17_80X_mcRun2_asymptotic_2016_TrancheIV_v6-v1/40000/5CAC6069-E544-E811-A46D-002590E39F2E.root
root://cms-xrd-global.cern.ch//store/mc/RunIISummer16MiniAODv2/VBFH_HToJPsiG_M125_NNPDF30_TuneCUETP8M1_13TeV-powheg-pythia8/MINIAODSIM/PUMoriond17_80X_mcRun2_asymptotic_2016_TrancheIV_v6-v1/40000/6E2AEA57-E744-E811-9AE0-44A8423C2A62.root
root://cms-xrd-global.cern.ch//store/mc/RunIISummer16MiniAODv2/VBFH_HToJPsiG_M125_NNPDF30_TuneCUETP8M1_13TeV-powheg-pythia8/MINIAODSIM/PUMoriond17_80X_mcRun2_asymptotic_2016_TrancheIV_v6-v1/40000/6A9EF12A-8345-E811-A7AC-A0369FD0B33E.root
root://cms-xrd-global.cern.ch//store/mc/RunIISummer16MiniAODv2/VBFH_HToJPsiG_M125_NNPDF30_TuneCUETP8M1_13TeV-powheg-pythia8/MINIAODSIM/PUMoriond17_80X_mcRun2_asymptotic_2016_TrancheIV_v6-v1/40000/CAE5849F-3746-E811-95AC-1866DA85DC87.root
root://cms-xrd-global.cern.ch//store/mc/RunIISummer16MiniAODv2/VBFH_HToJPsiG_M125_NNPDF30_TuneCUETP8M1_13TeV-powheg-pythia8/MINIAODSIM/PUMoriond17_80X_mcRun2_asymptotic_2016_TrancheIV_v6-v1/40000/A0090580-ED44-E811-B5D9-FA163EE8B3B6.root
root://cms-xrd-global.cern.ch//store/mc/RunIISummer16MiniAODv2/VBFH_HToJPsiG_M125_NNPDF30_TuneCUETP8M1_13TeV-powheg-pythia8/MINIAODSIM/PUMoriond17_80X_mcRun2_asymptotic_2016_TrancheIV_v6-v1/40000/281D0229-F244-E811-93D2-001E67A3EC00.root
root://cms-xrd-global.cern.ch//store/mc/RunIISummer16MiniAODv2/VBFH_HToJPsiG_M125_NNPDF30_TuneCUETP8M1_13TeV-powheg-pythia8/MINIAODSIM/PUMoriond17_80X_mcRun2_asymptotic_2016_TrancheIV_v6-v1/40000/ECA75077-C945-E811-886F-7845C4FC35E1.root
root://cms-xrd-global.cern.ch//store/mc/RunIISummer16MiniAODv2/VBFH_HToJPsiG_M125_NNPDF30_TuneCUETP8M1_13TeV-powheg-pythia8/MINIAODSIM/PUMoriond17_80X_mcRun2_asymptotic_2016_TrancheIV_v6-v1/40000/0A722971-E244-E811-92CB-38EAA78E2C94.root
root://cms-xrd-global.cern.ch//store/mc/RunIISummer16MiniAODv2/VBFH_HToJPsiG_M125_NNPDF30_TuneCUETP8M1_13TeV-powheg-pythia8/MINIAODSIM/PUMoriond17_80X_mcRun2_asymptotic_2016_TrancheIV_v6-v1/40000/CA3E3EE5-5D45-E811-9842-0019B9CB01A5.root
root://cms-xrd-global.cern.ch//store/mc/RunIISummer16MiniAODv2/VBFH_HToJPsiG_M125_NNPDF30_TuneCUETP8M1_13TeV-powheg-pythia8/MINIAODSIM/PUMoriond17_80X_mcRun2_asymptotic_2016_TrancheIV_v6-v1/40000/5677144D-DE44-E811-A27E-24BE05CE1E31.root
root://cms-xrd-global.cern.ch//store/mc/RunIISummer16MiniAODv2/VBFH_HToJPsiG_M125_NNPDF30_TuneCUETP8M1_13TeV-powheg-pythia8/MINIAODSIM/PUMoriond17_80X_mcRun2_asymptotic_2016_TrancheIV_v6-v1/40000/721E0F6D-AA45-E811-9CD1-6C3BE5B5F210.root
root://cms-xrd-global.cern.ch//store/mc/RunIISummer16MiniAODv2/VBFH_HToJPsiG_M125_NNPDF30_TuneCUETP8M1_13TeV-powheg-pythia8/MINIAODSIM/PUMoriond17_80X_mcRun2_asymptotic_2016_TrancheIV_v6-v1/40000/E026BD74-C945-E811-8FC8-0242AC1C0500.root
root://cms-xrd-global.cern.ch//store/mc/RunIISummer16MiniAODv2/VBFH_HToJPsiG_M125_NNPDF30_TuneCUETP8M1_13TeV-powheg-pythia8/MINIAODSIM/PUMoriond17_80X_mcRun2_asymptotic_2016_TrancheIV_v6-v1/40000/3CA85B3E-4345-E811-96D3-0025909083DA.root
root://cms-xrd-global.cern.ch//store/mc/RunIISummer16MiniAODv2/VBFH_HToJPsiG_M125_NNPDF30_TuneCUETP8M1_13TeV-powheg-pythia8/MINIAODSIM/PUMoriond17_80X_mcRun2_asymptotic_2016_TrancheIV_v6-v1/40000/726E9997-F144-E811-95DD-7CD30AD0A168.root
root://cms-xrd-global.cern.ch//store/mc/RunIISummer16MiniAODv2/VBFH_HToJPsiG_M125_NNPDF30_TuneCUETP8M1_13TeV-powheg-pythia8/MINIAODSIM/PUMoriond17_80X_mcRun2_asymptotic_2016_TrancheIV_v6-v1/40000/8C7AAF2A-FA44-E811-B993-002590DE6E64.root

--> VBFH_HToJPsiG_NLO: Event 0: run      1, lumi  515, event        90006
--> VBFH_HToJPsiG_NLO: The Boson!
--> VBFH_HToJPsiG_NLO: Boson -  pt 33.7842063904, eta: -3.11171269417, eta: 3.74429011345

--> VBFH_HToJPsiG_NLO: Event 1: run      1, lumi  515, event        90004
--> VBFH_HToJPsiG_NLO: The Boson!
--> VBFH_HToJPsiG_NLO: Boson -  pt 100.551681519, eta: 2.05776834488, eta: 3.74429011345

--> VBFH_HToJPsiG_NLO: Event 2: run      1, lumi  515, event        90001
--> VBFH_HToJPsiG_NLO: The Boson!
--> VBFH_HToJPsiG_NLO: Boson -  pt 60.2026481628, eta: 2.01937747002, eta: 3.74429011345

--> VBFH_HToJPsiG_NLO: Event 3: run      1, lumi  515, event        90009
--> VBFH_HToJPsiG_NLO: The Boson!
--> VBFH_HToJPsiG_NLO: Boson -  pt 119.880119324, eta: -2.74120521545, eta: 3.74429011345

--> VBFH_HToJPsiG_NLO: Event 4: run      1, lumi  515, event        90011
--> VBFH_HToJPsiG_NLO: The Boson!
--> VBFH_HToJPsiG_NLO: Boson -  pt 87.8935546875, eta: -1.96835482121, eta: 3.74429011345

--> VBFH_HToJPsiG_NLO: Event 5: run      1, lumi  515, event        90003
--> VBFH_HToJPsiG_NLO: The Boson!
--> VBFH_HToJPsiG_NLO: Boson -  pt 113.018547058, eta: 1.88688337803, eta: 3.74429011345

--> VBFH_HToJPsiG_NLO: Event 6: run      1, lumi  515, event        90007
--> VBFH_HToJPsiG_NLO: The Boson!
--> VBFH_HToJPsiG_NLO: Boson -  pt 150.309783936, eta: 0.309317529202, eta: 3.74429011345

--> VBFH_HToJPsiG_NLO: Event 7: run      1, lumi  515, event        90005
--> VBFH_HToJPsiG_NLO: The Boson!
--> VBFH_HToJPsiG_NLO: Boson -  pt 70.9357681274, eta: 1.39210224152, eta: 3.74429011345

--> VBFH_HToJPsiG_NLO: Event 8: run      1, lumi  515, event        90012
--> VBFH_HToJPsiG_NLO: The Boson!
--> VBFH_HToJPsiG_NLO: Boson -  pt 211.459686279, eta: 0.886838972569, eta: 3.74429011345

--> VBFH_HToJPsiG_NLO: Event 9: run      1, lumi  515, event        90008
--> VBFH_HToJPsiG_NLO: The Boson!
--> VBFH_HToJPsiG_NLO: Boson -  pt 16.7110500336, eta: -4.39085769653, eta: 3.74429011345
******************************************************************************
*Tree    :bosonTree : bosonTree                                              *
*Entries :       10 : Total =            2376 bytes  File  Size =          0 *
*        :          : Tree compression factor =   1.00                       *
******************************************************************************
*Br    0 :bosonEta  : bosonEta/F                                             *
*Entries :       10 : Total  Size=        702 bytes  One basket in memory    *
*Baskets :        0 : Basket Size=      32000 bytes  Compression=   1.00     *
*............................................................................*
*Br    1 :bosonPt   : bosonPt/F                                              *
*Entries :       10 : Total  Size=        696 bytes  One basket in memory    *
*Baskets :        0 : Basket Size=      32000 bytes  Compression=   1.00     *
*............................................................................*
*Br    2 :weight    : weight/F                                               *
*Entries :       10 : Total  Size=        690 bytes  One basket in memory    *
*Baskets :        0 : Basket Size=      32000 bytes  Compression=   1.00     *
*............................................................................*
####### <END> VBFH_HToJPsiG_NLO




