####### <BEGIN> WpHJ_HToJPsiG_NLO


### Source Files:
root://cms-xrd-global.cern.ch//store/mc/RunIISummer16MiniAODv2/WpHJ_HToJPsiG_M125_NNPDF30_TuneCUETP8M1_13TeV-powheg-pythia8/MINIAODSIM/PUMoriond17_80X_mcRun2_asymptotic_2016_TrancheIV_v6-v1/80000/0E895FDE-7543-E811-B9BC-00259090832E.root
root://cms-xrd-global.cern.ch//store/mc/RunIISummer16MiniAODv2/WpHJ_HToJPsiG_M125_NNPDF30_TuneCUETP8M1_13TeV-powheg-pythia8/MINIAODSIM/PUMoriond17_80X_mcRun2_asymptotic_2016_TrancheIV_v6-v1/80000/7CF1D9EC-7543-E811-BD58-00259094F2BF.root
root://cms-xrd-global.cern.ch//store/mc/RunIISummer16MiniAODv2/WpHJ_HToJPsiG_M125_NNPDF30_TuneCUETP8M1_13TeV-powheg-pythia8/MINIAODSIM/PUMoriond17_80X_mcRun2_asymptotic_2016_TrancheIV_v6-v1/80000/CE0222F6-7543-E811-BC55-1866DAED2E80.root
root://cms-xrd-global.cern.ch//store/mc/RunIISummer16MiniAODv2/WpHJ_HToJPsiG_M125_NNPDF30_TuneCUETP8M1_13TeV-powheg-pythia8/MINIAODSIM/PUMoriond17_80X_mcRun2_asymptotic_2016_TrancheIV_v6-v1/80000/C27D07ED-7543-E811-A17C-EC0D9A822626.root
root://cms-xrd-global.cern.ch//store/mc/RunIISummer16MiniAODv2/WpHJ_HToJPsiG_M125_NNPDF30_TuneCUETP8M1_13TeV-powheg-pythia8/MINIAODSIM/PUMoriond17_80X_mcRun2_asymptotic_2016_TrancheIV_v6-v1/80000/A82303D4-7543-E811-9B0C-1CC1DE1CDD20.root
root://cms-xrd-global.cern.ch//store/mc/RunIISummer16MiniAODv2/WpHJ_HToJPsiG_M125_NNPDF30_TuneCUETP8M1_13TeV-powheg-pythia8/MINIAODSIM/PUMoriond17_80X_mcRun2_asymptotic_2016_TrancheIV_v6-v1/80000/9C4C9FE8-7543-E811-BE86-40F2E9C6AE74.root
root://cms-xrd-global.cern.ch//store/mc/RunIISummer16MiniAODv2/WpHJ_HToJPsiG_M125_NNPDF30_TuneCUETP8M1_13TeV-powheg-pythia8/MINIAODSIM/PUMoriond17_80X_mcRun2_asymptotic_2016_TrancheIV_v6-v1/80000/FA7813DB-7543-E811-90C5-002590FD583A.root
root://cms-xrd-global.cern.ch//store/mc/RunIISummer16MiniAODv2/WpHJ_HToJPsiG_M125_NNPDF30_TuneCUETP8M1_13TeV-powheg-pythia8/MINIAODSIM/PUMoriond17_80X_mcRun2_asymptotic_2016_TrancheIV_v6-v1/80000/C8E188E3-7543-E811-B284-008CFAF292AC.root
root://cms-xrd-global.cern.ch//store/mc/RunIISummer16MiniAODv2/WpHJ_HToJPsiG_M125_NNPDF30_TuneCUETP8M1_13TeV-powheg-pythia8/MINIAODSIM/PUMoriond17_80X_mcRun2_asymptotic_2016_TrancheIV_v6-v1/80000/4AE4EC13-7643-E811-BB7E-FA163E17769B.root
root://cms-xrd-global.cern.ch//store/mc/RunIISummer16MiniAODv2/WpHJ_HToJPsiG_M125_NNPDF30_TuneCUETP8M1_13TeV-powheg-pythia8/MINIAODSIM/PUMoriond17_80X_mcRun2_asymptotic_2016_TrancheIV_v6-v1/80000/48973ADE-7543-E811-9B7F-008CFAE45348.root
root://cms-xrd-global.cern.ch//store/mc/RunIISummer16MiniAODv2/WpHJ_HToJPsiG_M125_NNPDF30_TuneCUETP8M1_13TeV-powheg-pythia8/MINIAODSIM/PUMoriond17_80X_mcRun2_asymptotic_2016_TrancheIV_v6-v1/80000/884428D1-7543-E811-A463-008CFAF35AC0.root
root://cms-xrd-global.cern.ch//store/mc/RunIISummer16MiniAODv2/WpHJ_HToJPsiG_M125_NNPDF30_TuneCUETP8M1_13TeV-powheg-pythia8/MINIAODSIM/PUMoriond17_80X_mcRun2_asymptotic_2016_TrancheIV_v6-v1/80000/EE3A40D5-7543-E811-B904-484D7E8DF092.root
root://cms-xrd-global.cern.ch//store/mc/RunIISummer16MiniAODv2/WpHJ_HToJPsiG_M125_NNPDF30_TuneCUETP8M1_13TeV-powheg-pythia8/MINIAODSIM/PUMoriond17_80X_mcRun2_asymptotic_2016_TrancheIV_v6-v1/80000/301C1BDC-7543-E811-95C8-0CC47A4D760C.root
root://cms-xrd-global.cern.ch//store/mc/RunIISummer16MiniAODv2/WpHJ_HToJPsiG_M125_NNPDF30_TuneCUETP8M1_13TeV-powheg-pythia8/MINIAODSIM/PUMoriond17_80X_mcRun2_asymptotic_2016_TrancheIV_v6-v1/80000/243C7AE6-7543-E811-9E35-F01FAFE37F17.root
root://cms-xrd-global.cern.ch//store/mc/RunIISummer16MiniAODv2/WpHJ_HToJPsiG_M125_NNPDF30_TuneCUETP8M1_13TeV-powheg-pythia8/MINIAODSIM/PUMoriond17_80X_mcRun2_asymptotic_2016_TrancheIV_v6-v1/80000/2EB02CE8-7543-E811-883B-38EAA78D89C4.root

--> WpHJ_HToJPsiG_NLO: Event 0: run      1, lumi  561, event        98004
--> WpHJ_HToJPsiG_NLO: The Boson!
--> WpHJ_HToJPsiG_NLO: Boson -  pt 94.1442871094, eta: -1.50942099094, eta: 0.905016005039

--> WpHJ_HToJPsiG_NLO: Event 1: run      1, lumi  561, event        98003
--> WpHJ_HToJPsiG_NLO: The Boson!
--> WpHJ_HToJPsiG_NLO: Boson -  pt 23.8537197113, eta: 0.893558979034, eta: 0.905016005039

--> WpHJ_HToJPsiG_NLO: Event 2: run      1, lumi  561, event        98008
--> WpHJ_HToJPsiG_NLO: The Boson!
--> WpHJ_HToJPsiG_NLO: Boson -  pt 61.3244132996, eta: -2.20226788521, eta: 0.905016005039

--> WpHJ_HToJPsiG_NLO: Event 3: run      1, lumi  561, event        98001
--> WpHJ_HToJPsiG_NLO: The Boson!
--> WpHJ_HToJPsiG_NLO: Boson -  pt 35.6079788208, eta: -4.73766517639, eta: 0.905016005039

--> WpHJ_HToJPsiG_NLO: Event 4: run      1, lumi  561, event        98006
--> WpHJ_HToJPsiG_NLO: The Boson!
--> WpHJ_HToJPsiG_NLO: Boson -  pt 66.2685546875, eta: 1.34445178509, eta: 0.905016005039

--> WpHJ_HToJPsiG_NLO: Event 5: run      1, lumi  561, event        98002
--> WpHJ_HToJPsiG_NLO: The Boson!
--> WpHJ_HToJPsiG_NLO: Boson -  pt 20.814655304, eta: 3.8460919857, eta: 0.905016005039

--> WpHJ_HToJPsiG_NLO: Event 6: run      1, lumi  561, event        98005
--> WpHJ_HToJPsiG_NLO: The Boson!
--> WpHJ_HToJPsiG_NLO: Boson -  pt 73.3336334229, eta: 3.20530366898, eta: 0.905016005039

--> WpHJ_HToJPsiG_NLO: Event 7: run      1, lumi  561, event        98007
--> WpHJ_HToJPsiG_NLO: The Boson!
--> WpHJ_HToJPsiG_NLO: Boson -  pt 66.9172668457, eta: -1.38758540154, eta: 0.905016005039

--> WpHJ_HToJPsiG_NLO: Event 8: run      1, lumi  561, event        98010
--> WpHJ_HToJPsiG_NLO: The Boson!
--> WpHJ_HToJPsiG_NLO: Boson -  pt 92.500869751, eta: 2.22689223289, eta: 0.905016005039

--> WpHJ_HToJPsiG_NLO: Event 9: run      1, lumi  561, event        98011
--> WpHJ_HToJPsiG_NLO: The Boson!
--> WpHJ_HToJPsiG_NLO: Boson -  pt 113.093070984, eta: 1.65711164474, eta: 0.905016005039
******************************************************************************
*Tree    :bosonTree : bosonTree                                              *
*Entries :       10 : Total =            2376 bytes  File  Size =          0 *
*        :          : Tree compression factor =   1.00                       *
******************************************************************************
*Br    0 :bosonEta  : bosonEta/F                                             *
*Entries :       10 : Total  Size=        702 bytes  One basket in memory    *
*Baskets :        0 : Basket Size=      32000 bytes  Compression=   1.00     *
*............................................................................*
*Br    1 :bosonPt   : bosonPt/F                                              *
*Entries :       10 : Total  Size=        696 bytes  One basket in memory    *
*Baskets :        0 : Basket Size=      32000 bytes  Compression=   1.00     *
*............................................................................*
*Br    2 :weight    : weight/F                                               *
*Entries :       10 : Total  Size=        690 bytes  One basket in memory    *
*Baskets :        0 : Basket Size=      32000 bytes  Compression=   1.00     *
*............................................................................*
####### <END> WpHJ_HToJPsiG_NLO




