####### <BEGIN> ZH_HToJPsiG_NLO


### Source Files:
root://cms-xrd-global.cern.ch//store/mc/RunIISummer16MiniAODv2/ZH_HToJPsiG_M125_NNPDF30_TuneCUETP8M1_13TeV-powheg-pythia8/MINIAODSIM/PUMoriond17_80X_mcRun2_asymptotic_2016_TrancheIV_v6-v1/20000/EC48E97B-BB42-E811-92D9-002590908476.root
root://cms-xrd-global.cern.ch//store/mc/RunIISummer16MiniAODv2/ZH_HToJPsiG_M125_NNPDF30_TuneCUETP8M1_13TeV-powheg-pythia8/MINIAODSIM/PUMoriond17_80X_mcRun2_asymptotic_2016_TrancheIV_v6-v1/20000/9A4087BE-BC42-E811-BB69-141877638F39.root
root://cms-xrd-global.cern.ch//store/mc/RunIISummer16MiniAODv2/ZH_HToJPsiG_M125_NNPDF30_TuneCUETP8M1_13TeV-powheg-pythia8/MINIAODSIM/PUMoriond17_80X_mcRun2_asymptotic_2016_TrancheIV_v6-v1/20000/CC73050B-C942-E811-82A1-FA163EA55753.root
root://cms-xrd-global.cern.ch//store/mc/RunIISummer16MiniAODv2/ZH_HToJPsiG_M125_NNPDF30_TuneCUETP8M1_13TeV-powheg-pythia8/MINIAODSIM/PUMoriond17_80X_mcRun2_asymptotic_2016_TrancheIV_v6-v1/20000/8EA28685-5443-E811-A88A-3417EBE4236C.root
root://cms-xrd-global.cern.ch//store/mc/RunIISummer16MiniAODv2/ZH_HToJPsiG_M125_NNPDF30_TuneCUETP8M1_13TeV-powheg-pythia8/MINIAODSIM/PUMoriond17_80X_mcRun2_asymptotic_2016_TrancheIV_v6-v1/20000/CEDC9315-C042-E811-BD98-008CFAC93EE4.root
root://cms-xrd-global.cern.ch//store/mc/RunIISummer16MiniAODv2/ZH_HToJPsiG_M125_NNPDF30_TuneCUETP8M1_13TeV-powheg-pythia8/MINIAODSIM/PUMoriond17_80X_mcRun2_asymptotic_2016_TrancheIV_v6-v1/20000/4E3C3FC7-D342-E811-B517-F01FAFD692E8.root
root://cms-xrd-global.cern.ch//store/mc/RunIISummer16MiniAODv2/ZH_HToJPsiG_M125_NNPDF30_TuneCUETP8M1_13TeV-powheg-pythia8/MINIAODSIM/PUMoriond17_80X_mcRun2_asymptotic_2016_TrancheIV_v6-v1/20000/4C161F53-AC44-E811-A3F2-008CFA197D2C.root
root://cms-xrd-global.cern.ch//store/mc/RunIISummer16MiniAODv2/ZH_HToJPsiG_M125_NNPDF30_TuneCUETP8M1_13TeV-powheg-pythia8/MINIAODSIM/PUMoriond17_80X_mcRun2_asymptotic_2016_TrancheIV_v6-v1/20000/D65A6612-D744-E811-A6DB-0025905C2CEA.root
root://cms-xrd-global.cern.ch//store/mc/RunIISummer16MiniAODv2/ZH_HToJPsiG_M125_NNPDF30_TuneCUETP8M1_13TeV-powheg-pythia8/MINIAODSIM/PUMoriond17_80X_mcRun2_asymptotic_2016_TrancheIV_v6-v1/20000/28782B2D-284A-E811-900E-0CC47A7C34C8.root
root://cms-xrd-global.cern.ch//store/mc/RunIISummer16MiniAODv2/ZH_HToJPsiG_M125_NNPDF30_TuneCUETP8M1_13TeV-powheg-pythia8/MINIAODSIM/PUMoriond17_80X_mcRun2_asymptotic_2016_TrancheIV_v6-v1/10000/A4E8D7E6-624E-E811-882B-A4BF0112DD3C.root
root://cms-xrd-global.cern.ch//store/mc/RunIISummer16MiniAODv2/ZH_HToJPsiG_M125_NNPDF30_TuneCUETP8M1_13TeV-powheg-pythia8/MINIAODSIM/PUMoriond17_80X_mcRun2_asymptotic_2016_TrancheIV_v6-v1/10000/D6799C42-A253-E811-B402-008CFAC94064.root
root://cms-xrd-global.cern.ch//store/mc/RunIISummer16MiniAODv2/ZH_HToJPsiG_M125_NNPDF30_TuneCUETP8M1_13TeV-powheg-pythia8/MINIAODSIM/PUMoriond17_80X_mcRun2_asymptotic_2016_TrancheIV_v6-v1/10000/FA67AB60-9350-E811-9AAA-B496910919FC.root
root://cms-xrd-global.cern.ch//store/mc/RunIISummer16MiniAODv2/ZH_HToJPsiG_M125_NNPDF30_TuneCUETP8M1_13TeV-powheg-pythia8/MINIAODSIM/PUMoriond17_80X_mcRun2_asymptotic_2016_TrancheIV_v6-v1/10000/249E5A3B-194F-E811-A8B9-008CFAC94290.root
root://cms-xrd-global.cern.ch//store/mc/RunIISummer16MiniAODv2/ZH_HToJPsiG_M125_NNPDF30_TuneCUETP8M1_13TeV-powheg-pythia8/MINIAODSIM/PUMoriond17_80X_mcRun2_asymptotic_2016_TrancheIV_v6-v1/20000/F6FA8A30-DA43-E811-A63A-0242AC130002.root
root://cms-xrd-global.cern.ch//store/mc/RunIISummer16MiniAODv2/ZH_HToJPsiG_M125_NNPDF30_TuneCUETP8M1_13TeV-powheg-pythia8/MINIAODSIM/PUMoriond17_80X_mcRun2_asymptotic_2016_TrancheIV_v6-v1/20000/B622B228-DE42-E811-AF68-7845C4F914EC.root
root://cms-xrd-global.cern.ch//store/mc/RunIISummer16MiniAODv2/ZH_HToJPsiG_M125_NNPDF30_TuneCUETP8M1_13TeV-powheg-pythia8/MINIAODSIM/PUMoriond17_80X_mcRun2_asymptotic_2016_TrancheIV_v6-v1/20000/5E5A8BDD-C344-E811-B013-0242AC1C0500.root

--> ZH_HToJPsiG_NLO: Event 0: run      1, lumi  291, event        43502
--> ZH_HToJPsiG_NLO: The Boson!
--> ZH_HToJPsiG_NLO: Boson -  pt 16.3157539368, eta: -2.02357506752, eta: 0.801994025707

--> ZH_HToJPsiG_NLO: Event 1: run      1, lumi  291, event        43510
--> ZH_HToJPsiG_NLO: The Boson!
--> ZH_HToJPsiG_NLO: Boson -  pt 40.9616127014, eta: 2.16937375069, eta: 0.801994025707

--> ZH_HToJPsiG_NLO: Event 2: run      1, lumi  291, event        43513
--> ZH_HToJPsiG_NLO: The Boson!
--> ZH_HToJPsiG_NLO: Boson -  pt 26.3156299591, eta: 2.11085605621, eta: 0.801994025707

--> ZH_HToJPsiG_NLO: Event 3: run      1, lumi  291, event        43509
--> ZH_HToJPsiG_NLO: The Boson!
--> ZH_HToJPsiG_NLO: Boson -  pt 45.3789291382, eta: -1.57581114769, eta: 0.801994025707

--> ZH_HToJPsiG_NLO: Event 4: run      1, lumi  291, event        43508
--> ZH_HToJPsiG_NLO: The Boson!
--> ZH_HToJPsiG_NLO: Boson -  pt 74.0185241699, eta: -2.40818691254, eta: 0.801994025707

--> ZH_HToJPsiG_NLO: Event 5: run      1, lumi  291, event        43505
--> ZH_HToJPsiG_NLO: The Boson!
--> ZH_HToJPsiG_NLO: Boson -  pt 91.5818405151, eta: -0.735706925392, eta: 0.801994025707

--> ZH_HToJPsiG_NLO: Event 6: run      1, lumi  291, event        43503
--> ZH_HToJPsiG_NLO: The Boson!
--> ZH_HToJPsiG_NLO: Boson -  pt 86.8303146362, eta: -0.201840102673, eta: 0.801994025707

--> ZH_HToJPsiG_NLO: Event 7: run      1, lumi  291, event        43511
--> ZH_HToJPsiG_NLO: The Boson!
--> ZH_HToJPsiG_NLO: Boson -  pt 73.1716461182, eta: 0.70388841629, eta: 0.801994025707

--> ZH_HToJPsiG_NLO: Event 8: run      1, lumi  291, event        43514
--> ZH_HToJPsiG_NLO: The Boson!
--> ZH_HToJPsiG_NLO: Boson -  pt 35.7850074768, eta: 2.97168040276, eta: 0.801994025707

--> ZH_HToJPsiG_NLO: Event 9: run      1, lumi  291, event        43515
--> ZH_HToJPsiG_NLO: The Boson!
--> ZH_HToJPsiG_NLO: Boson -  pt 54.9280738831, eta: 4.30679225922, eta: 0.801994025707
******************************************************************************
*Tree    :bosonTree : bosonTree                                              *
*Entries :       10 : Total =            2376 bytes  File  Size =          0 *
*        :          : Tree compression factor =   1.00                       *
******************************************************************************
*Br    0 :bosonEta  : bosonEta/F                                             *
*Entries :       10 : Total  Size=        702 bytes  One basket in memory    *
*Baskets :        0 : Basket Size=      32000 bytes  Compression=   1.00     *
*............................................................................*
*Br    1 :bosonPt   : bosonPt/F                                              *
*Entries :       10 : Total  Size=        696 bytes  One basket in memory    *
*Baskets :        0 : Basket Size=      32000 bytes  Compression=   1.00     *
*............................................................................*
*Br    2 :weight    : weight/F                                               *
*Entries :       10 : Total  Size=        690 bytes  One basket in memory    *
*Baskets :        0 : Basket Size=      32000 bytes  Compression=   1.00     *
*............................................................................*
####### <END> ZH_HToJPsiG_NLO




