####### <BEGIN> ZToUpsilon2SG_NLO


### Source Files:
root://cms-xrd-global.cern.ch//store/mc/RunIISummer16MiniAODv2/ZToUpsilon2SGamma_TuneCUETP8M1_13TeV-amcatnloFXFX-pythia8/MINIAODSIM/PUMoriond17_80X_mcRun2_asymptotic_2016_TrancheIV_v6-v1/40000/4C59B9A5-589A-E811-AF95-0CC47A4D7606.root
root://cms-xrd-global.cern.ch//store/mc/RunIISummer16MiniAODv2/ZToUpsilon2SGamma_TuneCUETP8M1_13TeV-amcatnloFXFX-pythia8/MINIAODSIM/PUMoriond17_80X_mcRun2_asymptotic_2016_TrancheIV_v6-v1/40000/20899DE5-A59D-E811-9497-90E2BACBAB00.root
root://cms-xrd-global.cern.ch//store/mc/RunIISummer16MiniAODv2/ZToUpsilon2SGamma_TuneCUETP8M1_13TeV-amcatnloFXFX-pythia8/MINIAODSIM/PUMoriond17_80X_mcRun2_asymptotic_2016_TrancheIV_v6-v1/40000/409C0ED4-649C-E811-A63F-90B11C0BDA0F.root
root://cms-xrd-global.cern.ch//store/mc/RunIISummer16MiniAODv2/ZToUpsilon2SGamma_TuneCUETP8M1_13TeV-amcatnloFXFX-pythia8/MINIAODSIM/PUMoriond17_80X_mcRun2_asymptotic_2016_TrancheIV_v6-v1/40000/CA35301A-A69D-E811-B70A-801844DEED78.root
root://cms-xrd-global.cern.ch//store/mc/RunIISummer16MiniAODv2/ZToUpsilon2SGamma_TuneCUETP8M1_13TeV-amcatnloFXFX-pythia8/MINIAODSIM/PUMoriond17_80X_mcRun2_asymptotic_2016_TrancheIV_v6-v1/40000/DAAB0C3A-A69D-E811-90B7-F01FAFD69094.root
root://cms-xrd-global.cern.ch//store/mc/RunIISummer16MiniAODv2/ZToUpsilon2SGamma_TuneCUETP8M1_13TeV-amcatnloFXFX-pythia8/MINIAODSIM/PUMoriond17_80X_mcRun2_asymptotic_2016_TrancheIV_v6-v1/40000/EE4161FF-A59D-E811-BFF1-0242AC130002.root
root://cms-xrd-global.cern.ch//store/mc/RunIISummer16MiniAODv2/ZToUpsilon2SGamma_TuneCUETP8M1_13TeV-amcatnloFXFX-pythia8/MINIAODSIM/PUMoriond17_80X_mcRun2_asymptotic_2016_TrancheIV_v6-v1/40000/145846E3-A59D-E811-8336-90B11CBCFFF7.root
root://cms-xrd-global.cern.ch//store/mc/RunIISummer16MiniAODv2/ZToUpsilon2SGamma_TuneCUETP8M1_13TeV-amcatnloFXFX-pythia8/MINIAODSIM/PUMoriond17_80X_mcRun2_asymptotic_2016_TrancheIV_v6-v1/40000/160ED60E-A69D-E811-8B7D-3417EBE64CA8.root
root://cms-xrd-global.cern.ch//store/mc/RunIISummer16MiniAODv2/ZToUpsilon2SGamma_TuneCUETP8M1_13TeV-amcatnloFXFX-pythia8/MINIAODSIM/PUMoriond17_80X_mcRun2_asymptotic_2016_TrancheIV_v6-v1/40000/B8D173DE-A59D-E811-BF2D-7CD30AB15AD8.root
root://cms-xrd-global.cern.ch//store/mc/RunIISummer16MiniAODv2/ZToUpsilon2SGamma_TuneCUETP8M1_13TeV-amcatnloFXFX-pythia8/MINIAODSIM/PUMoriond17_80X_mcRun2_asymptotic_2016_TrancheIV_v6-v1/40000/72655E03-639C-E811-BF59-A0369FE2C142.root
root://cms-xrd-global.cern.ch//store/mc/RunIISummer16MiniAODv2/ZToUpsilon2SGamma_TuneCUETP8M1_13TeV-amcatnloFXFX-pythia8/MINIAODSIM/PUMoriond17_80X_mcRun2_asymptotic_2016_TrancheIV_v6-v1/40000/A25E5503-249D-E811-8BE4-0090FAA57B10.root
root://cms-xrd-global.cern.ch//store/mc/RunIISummer16MiniAODv2/ZToUpsilon2SGamma_TuneCUETP8M1_13TeV-amcatnloFXFX-pythia8/MINIAODSIM/PUMoriond17_80X_mcRun2_asymptotic_2016_TrancheIV_v6-v1/40000/DE6456F7-A59D-E811-8F40-0CC47ADAF564.root
root://cms-xrd-global.cern.ch//store/mc/RunIISummer16MiniAODv2/ZToUpsilon2SGamma_TuneCUETP8M1_13TeV-amcatnloFXFX-pythia8/MINIAODSIM/PUMoriond17_80X_mcRun2_asymptotic_2016_TrancheIV_v6-v1/40000/321E6AE5-A59D-E811-ABAC-1866DA890370.root
root://cms-xrd-global.cern.ch//store/mc/RunIISummer16MiniAODv2/ZToUpsilon2SGamma_TuneCUETP8M1_13TeV-amcatnloFXFX-pythia8/MINIAODSIM/PUMoriond17_80X_mcRun2_asymptotic_2016_TrancheIV_v6-v1/40000/E2F32D00-A69D-E811-8244-001E677925E6.root
root://cms-xrd-global.cern.ch//store/mc/RunIISummer16MiniAODv2/ZToUpsilon2SGamma_TuneCUETP8M1_13TeV-amcatnloFXFX-pythia8/MINIAODSIM/PUMoriond17_80X_mcRun2_asymptotic_2016_TrancheIV_v6-v1/40000/DC66EAE0-A59D-E811-9083-0025905B8590.root
root://cms-xrd-global.cern.ch//store/mc/RunIISummer16MiniAODv2/ZToUpsilon2SGamma_TuneCUETP8M1_13TeV-amcatnloFXFX-pythia8/MINIAODSIM/PUMoriond17_80X_mcRun2_asymptotic_2016_TrancheIV_v6-v1/40000/6E80FFDE-A59D-E811-964C-B49691091A06.root
root://cms-xrd-global.cern.ch//store/mc/RunIISummer16MiniAODv2/ZToUpsilon2SGamma_TuneCUETP8M1_13TeV-amcatnloFXFX-pythia8/MINIAODSIM/PUMoriond17_80X_mcRun2_asymptotic_2016_TrancheIV_v6-v1/40000/0E81156E-5B9D-E811-9282-0025905C3D6C.root
root://cms-xrd-global.cern.ch//store/mc/RunIISuTClass::Init:0: RuntimeWarning: no dictionary for class edm::Wrapper<vector<CTPPSLocalTrackLite> > is available
TClass::Init:0: RuntimeWarning: no dictionary for class CTPPSLocalTrackLite is available
mmer16MiniAODv2/ZToUpsilon2SGamma_TuneCUETP8M1_13TeV-amcatnloFXFX-pythia8/MINIAODSIM/PUMoriond17_80X_mcRun2_asymptotic_2016_TrancheIV_v6-v1/40000/78AE1152-5C9D-E811-9FFD-FA163E1EADAC.root
root://cms-xrd-global.cern.ch//store/mc/RunIISummer16MiniAODv2/ZToUpsilon2SGamma_TuneCUETP8M1_13TeV-amcatnloFXFX-pythia8/MINIAODSIM/PUMoriond17_80X_mcRun2_asymptotic_2016_TrancheIV_v6-v1/40000/B847D13B-139B-E811-A7F9-0CC47A2B06DC.root
root://cms-xrd-global.cern.ch//store/mc/RunIISummer16MiniAODv2/ZToUpsilon2SGamma_TuneCUETP8M1_13TeV-amcatnloFXFX-pythia8/MINIAODSIM/PUMoriond17_80X_mcRun2_asymptotic_2016_TrancheIV_v6-v1/40000/3EC50E11-4B9D-E811-8549-20CF3027A5A2.root
root://cms-xrd-global.cern.ch//store/mc/RunIISummer16MiniAODv2/ZToUpsilon2SGamma_TuneCUETP8M1_13TeV-amcatnloFXFX-pythia8/MINIAODSIM/PUMoriond17_80X_mcRun2_asymptotic_2016_TrancheIV_v6-v1/40000/322C6AFF-A59D-E811-916B-00259075D72E.root
root://cms-xrd-global.cern.ch//store/mc/RunIISummer16MiniAODv2/ZToUpsilon2SGamma_TuneCUETP8M1_13TeV-amcatnloFXFX-pythia8/MINIAODSIM/PUMoriond17_80X_mcRun2_asymptotic_2016_TrancheIV_v6-v1/40000/9E3039E8-A59D-E811-A3CE-002590E7E02E.root
root://cms-xrd-global.cern.ch//store/mc/RunIISummer16MiniAODv2/ZToUpsilon2SGamma_TuneCUETP8M1_13TeV-amcatnloFXFX-pythia8/MINIAODSIM/PUMoriond17_80X_mcRun2_asymptotic_2016_TrancheIV_v6-v1/40000/904D8B09-A69D-E811-8A72-00266CFFC598.root
root://cms-xrd-global.cern.ch//store/mc/RunIISummer16MiniAODv2/ZToUpsilon2SGamma_TuneCUETP8M1_13TeV-amcatnloFXFX-pythia8/MINIAODSIM/PUMoriond17_80X_mcRun2_asymptotic_2016_TrancheIV_v6-v1/40000/B433C7EB-A59D-E811-8768-003048FE2B6C.root
root://cms-xrd-global.cern.ch//store/mc/RunIISummer16MiniAODv2/ZToUpsilon2SGamma_TuneCUETP8M1_13TeV-amcatnloFXFX-pythia8/MINIAODSIM/PUMoriond17_80X_mcRun2_asymptotic_2016_TrancheIV_v6-v1/40000/007E89E3-A59D-E811-9080-44A842CFD5B1.root
root://cms-xrd-global.cern.ch//store/mc/RunIISummer16MiniAODv2/ZToUpsilon2SGamma_TuneCUETP8M1_13TeV-amcatnloFXFX-pythia8/MINIAODSIM/PUMoriond17_80X_mcRun2_asymptotic_2016_TrancheIV_v6-v1/40000/5EF62142-A69D-E811-B0A6-001517FAB928.root
root://cms-xrd-global.cern.ch//store/mc/RunIISummer16MiniAODv2/ZToUpsilon2SGamma_TuneCUETP8M1_13TeV-amcatnloFXFX-pythia8/MINIAODSIM/PUMoriond17_80X_mcRun2_asymptotic_2016_TrancheIV_v6-v1/40000/E4D4C4FE-A59D-E811-97BA-AC1F6B567680.root
root://cms-xrd-global.cern.ch//store/mc/RunIISummer16MiniAODv2/ZToUpsilon2SGamma_TuneCUETP8M1_13TeV-amcatnloFXFX-pythia8/MINIAODSIM/PUMoriond17_80X_mcRun2_asymptotic_2016_TrancheIV_v6-v1/40000/4211AAE8-A59D-E811-86BE-A0369F63681A.root
root://cms-xrd-global.cern.ch//store/mc/RunIISummer16MiniAODv2/ZToUpsilon2SGamma_TuneCUETP8M1_13TeV-amcatnloFXFX-pythia8/MINIAODSIM/PUMoriond17_80X_mcRun2_asymptotic_2016_TrancheIV_v6-v1/40000/B87A99E2-A59D-E811-8DCB-EC0D9A82237E.root
root://cms-xrd-global.cern.ch//store/mc/RunIISummer16MiniAODv2/ZToUpsilon2SGamma_TuneCUETP8M1_13TeV-amcatnloFXFX-pythia8/MINIAODSIM/PUMoriond17_80X_mcRun2_asymptotic_2016_TrancheIV_v6-v1/40000/4A7553B2-449D-E811-BC8D-0242AC1C0500.root
root://cms-xrd-global.cern.ch//store/mc/RunIISummer16MiniAODv2/ZToUpsilon2SGamma_TuneCUETP8M1_13TeV-amcatnloFXFX-pythia8/MINIAODSIM/PUMoriond17_80X_mcRun2_asymptotic_2016_TrancheIV_v6-v1/40000/D8983BDF-A59D-E811-97D7-A0369FC5ED30.root

--> ZToUpsilon2SG_NLO: Event 0: run      1, lumi  108, event        57725
--> ZToUpsilon2SG_NLO: The Boson!
--> ZToUpsilon2SG_NLO: Boson -  pt 33.8860015869, eta: 4.31789922714, eta: 235626.546875

--> ZToUpsilon2SG_NLO: Event 1: run      1, lumi  108, event        57731
--> ZToUpsilon2SG_NLO: The Boson!
--> ZToUpsilon2SG_NLO: Boson -  pt 14.7111253738, eta: 5.01312828064, eta: 235626.546875

--> ZToUpsilon2SG_NLO: Event 2: run      1, lumi  108, event        57746
--> ZToUpsilon2SG_NLO: The Boson!
--> ZToUpsilon2SG_NLO: Boson -  pt 28.0432415009, eta: 2.77129387856, eta: 235626.546875

--> ZToUpsilon2SG_NLO: Event 3: run      1, lumi  108, event        57723
--> ZToUpsilon2SG_NLO: The Boson!
--> ZToUpsilon2SG_NLO: Boson -  pt 45.0837554932, eta: -4.12016201019, eta: 235626.546875

--> ZToUpsilon2SG_NLO: Event 4: run      1, lumi  108, event        57738
--> ZToUpsilon2SG_NLO: The Boson!
--> ZToUpsilon2SG_NLO: Boson -  pt 9.17667007446, eta: 3.80551028252, eta: 235626.546875

--> ZToUpsilon2SG_NLO: Event 5: run      1, lumi  108, event        57733
--> ZToUpsilon2SG_NLO: The Boson!
--> ZToUpsilon2SG_NLO: Boson -  pt 2.11520886421, eta: 8.17167282114, eta: 235626.546875

--> ZToUpsilon2SG_NLO: Event 6: run      1, lumi  108, event        57736
--> ZToUpsilon2SG_NLO: The Boson!
--> ZToUpsilon2SG_NLO: Boson -  pt 37.6219406128, eta: 3.85611009598, eta: 235626.546875

--> ZToUpsilon2SG_NLO: Event 7: run      1, lumi  108, event        57728
--> ZToUpsilon2SG_NLO: The Boson!
--> ZToUpsilon2SG_NLO: Boson -  pt 13.7807283401, eta: 0.584601819515, eta: 235626.546875

--> ZToUpsilon2SG_NLO: Event 8: run      1, lumi  108, event        57760
--> ZToUpsilon2SG_NLO: The Boson!
--> ZToUpsilon2SG_NLO: Boson -  pt 9.39427852631, eta: -4.0442276001, eta: 235626.546875

--> ZToUpsilon2SG_NLO: Event 9: run      1, lumi  108, event        57753
--> ZToUpsilon2SG_NLO: The Boson!
--> ZToUpsilon2SG_NLO: Boson -  pt 26.4605350494, eta: 1.50916230679, eta: 235626.546875
******************************************************************************
*Tree    :bosonTree : bosonTree                                              *
*Entries :       10 : Total =            2376 bytes  File  Size =          0 *
*        :          : Tree compression factor =   1.00                       *
******************************************************************************
*Br    0 :bosonEta  : bosonEta/F                                             *
*Entries :       10 : Total  Size=        702 bytes  One basket in memory    *
*Baskets :        0 : Basket Size=      32000 bytes  Compression=   1.00     *
*............................................................................*
*Br    1 :bosonPt   : bosonPt/F                                              *
*Entries :       10 : Total  Size=        696 bytes  One basket in memory    *
*Baskets :        0 : Basket Size=      32000 bytes  Compression=   1.00     *
*............................................................................*
*Br    2 :weight    : weight/F                                               *
*Entries :       10 : Total  Size=        690 bytes  One basket in memory    *
*Baskets :        0 : Basket Size=      32000 bytes  Compression=   1.00     *
*............................................................................*
####### <END> ZToUpsilon2SG_NLO




